00:00:00.000444 main     VirtualBox XPCOM Server 6.1.36 r152435 linux.amd64 (Jul 21 2022 10:08:57) release log
00:00:00.000446 main     Log opened 2022-08-02T21:12:28.299144000Z
00:00:00.000446 main     Build Type: release
00:00:00.000447 main     OS Product: Linux
00:00:00.000448 main     OS Release: 5.18.15-arch1-2
00:00:00.000448 main     OS Version: #1 SMP PREEMPT_DYNAMIC Mon, 01 Aug 2022 18:58:16 +0000
00:00:00.000462 main     DMI Product Name: B450 I AORUS PRO WIFI
00:00:00.000466 main     DMI Product Version: Default string
00:00:00.000469 main     Firmware type: UEFI
00:00:00.000517 main     Secure Boot: Disabled
00:00:00.000534 main     Host RAM: 32042MB (31.2GB) total, 31347MB (30.6GB) available
00:00:00.000535 main     Executable: /usr/lib/virtualbox/VBoxSVC
00:00:00.000536 main     Process ID: 1151
00:00:00.000536 main     Package type: LINUX_64BITS_GENERIC (OSE)
00:00:00.001295 main     IPC socket path: /tmp/.vbox-gisbi-ipc/ipcd
00:00:00.104862 nspr-2   VirtualBox: object creation starts
00:00:00.104906 nspr-2   Home directory: '/home/gisbi/.config/VirtualBox'
00:00:00.105067 nspr-2   Loading settings file "/home/gisbi/.config/VirtualBox/VirtualBox.xml" with version "1.12-linux"
00:00:00.114748 nspr-2   HostDnsMonitor: initializing
00:00:00.114864 nspr-2   NAT: resolv.conf: nameserver 192.168.3.1
00:00:00.114871 nspr-2   HostDnsMonitor: updating information
00:00:00.114878 nspr-2   HostDnsMonitor: old information
00:00:00.114880 nspr-2     no server entries
00:00:00.114882 nspr-2     no domain set
00:00:00.114884 nspr-2     no search string entries
00:00:00.114886 nspr-2   HostDnsMonitor: new information
00:00:00.114887 nspr-2     server 1: 192.168.3.1
00:00:00.114890 nspr-2     no domain set
00:00:00.114891 nspr-2     no search string entries
00:00:00.117158 nspr-2   VD: VDInit finished with VINF_SUCCESS
00:00:00.117412 nspr-2   ERROR [COM]: aRC=NS_ERROR_FAILURE (0x80004005) aIID={027bc463-929c-40e8-bf16-fea557cd8e7e} aComponent={SystemPropertiesWrap} aText={Cannot determine default Guest Additions ISO location. Most likely they are not available}, preserve=false aResultDetail=0
00:00:00.125822 nspr-2   Loading settings file "/home/gisbi/Storage/vm/TempleOS/TempleOS.vbox" with version "1.15-linux"
00:00:00.126372 nspr-2   VirtualBox: object created
00:01:18.525451 nspr-2   Saving settings file "/home/gisbi/.config/VirtualBox/VirtualBox.xml" with version "1.12-linux"
00:01:20.681376 nspr-3   Launched VM: 3489704768 pid: 2085 (0x825) frontend: GUI/Qt name: TempleOS
00:01:20.888843 nspr-4   WARNING [COM]: aRC=NS_ERROR_FAILURE (0x80004005) aIID={16ced992-5fdc-4aba-aff5-6a39bbd7c38b} aComponent={HostWrap} aText={VirtualBox is not currently allowed to access USB devices.  You can change this by adding your user to the 'vboxusers' group.  Please see the user manual for a more detailed explanation}, preserve=true  aResultDetail=0
00:01:21.127856 nspr-2   WARNING [COM]: aRC=NS_ERROR_FAILURE (0x80004005) aIID={16ced992-5fdc-4aba-aff5-6a39bbd7c38b} aComponent={HostWrap} aText={VirtualBox is not currently allowed to access USB devices.  You can change this by adding your user to the 'vboxusers' group.  Please see the user manual for a more detailed explanation}, preserve=true  aResultDetail=0
00:01:21.128547 nspr-2   WARNING [COM]: aRC=NS_ERROR_FAILURE (0x80004005) aIID={16ced992-5fdc-4aba-aff5-6a39bbd7c38b} aComponent={HostWrap} aText={VirtualBox is not currently allowed to access USB devices.  You can change this by adding your user to the 'vboxusers' group.  Please see the user manual for a more detailed explanation}, preserve=true  aResultDetail=0
00:01:21.381424 nspr-3   WARNING [COM]: aRC=NS_ERROR_FAILURE (0x80004005) aIID={16ced992-5fdc-4aba-aff5-6a39bbd7c38b} aComponent={HostWrap} aText={VirtualBox is not currently allowed to access USB devices.  You can change this by adding your user to the 'vboxusers' group.  Please see the user manual for a more detailed explanation}, preserve=true  aResultDetail=0
00:01:21.382131 nspr-2   WARNING [COM]: aRC=NS_ERROR_FAILURE (0x80004005) aIID={16ced992-5fdc-4aba-aff5-6a39bbd7c38b} aComponent={HostWrap} aText={VirtualBox is not currently allowed to access USB devices.  You can change this by adding your user to the 'vboxusers' group.  Please see the user manual for a more detailed explanation}, preserve=true  aResultDetail=0
00:01:21.382394 nspr-2   ERROR [COM]: aRC=VBOX_E_OBJECT_NOT_FOUND (0x80bb0001) aIID={70401eef-c8e9-466b-9660-45cb3e9979e4} aComponent={ExtPackManagerWrap} aText={No extension pack by the name 'Oracle VM VirtualBox Extension Pack' was found}, preserve=false aResultDetail=0
00:01:21.408965 nspr-2   WARNING [COM]: aRC=NS_ERROR_FAILURE (0x80004005) aIID={16ced992-5fdc-4aba-aff5-6a39bbd7c38b} aComponent={HostWrap} aText={VirtualBox is not currently allowed to access USB devices.  You can change this by adding your user to the 'vboxusers' group.  Please see the user manual for a more detailed explanation}, preserve=true  aResultDetail=0
00:01:21.409361 nspr-3   WARNING [COM]: aRC=NS_ERROR_FAILURE (0x80004005) aIID={16ced992-5fdc-4aba-aff5-6a39bbd7c38b} aComponent={HostWrap} aText={VirtualBox is not currently allowed to access USB devices.  You can change this by adding your user to the 'vboxusers' group.  Please see the user manual for a more detailed explanation}, preserve=true  aResultDetail=0
00:01:21.422115 nspr-3   ERROR [COM]: aRC=VBOX_E_IPRT_ERROR (0x80bb0005) aIID={85632c68-b5bb-4316-a900-5eb28d3413df} aComponent={SessionMachine} aText={Saved screenshot data is not available (VERR_NOT_SUPPORTED)}, preserve=false aResultDetail=-37
00:01:27.492559 nspr-2   Saving settings file "/home/gisbi/Storage/vm/TempleOS/TempleOS.vbox" with version "1.15-linux"
00:01:27.518299 nspr-2   WARNING [COM]: aRC=NS_ERROR_FAILURE (0x80004005) aIID={16ced992-5fdc-4aba-aff5-6a39bbd7c38b} aComponent={HostWrap} aText={VirtualBox is not currently allowed to access USB devices.  You can change this by adding your user to the 'vboxusers' group.  Please see the user manual for a more detailed explanation}, preserve=true  aResultDetail=0
00:01:28.130043 nspr-6   WARNING [COM]: aRC=NS_ERROR_FAILURE (0x80004005) aIID={16ced992-5fdc-4aba-aff5-6a39bbd7c38b} aComponent={HostWrap} aText={VirtualBox is not currently allowed to access USB devices.  You can change this by adding your user to the 'vboxusers' group.  Please see the user manual for a more detailed explanation}, preserve=true  aResultDetail=0
00:01:28.130588 nspr-7   WARNING [COM]: aRC=NS_ERROR_FAILURE (0x80004005) aIID={16ced992-5fdc-4aba-aff5-6a39bbd7c38b} aComponent={HostWrap} aText={VirtualBox is not currently allowed to access USB devices.  You can change this by adding your user to the 'vboxusers' group.  Please see the user manual for a more detailed explanation}, preserve=true  aResultDetail=0
00:06:26.744231 nspr-4   Saving settings file "/home/gisbi/.config/VirtualBox/VirtualBox.xml" with version "1.12-linux"
00:06:26.746405 nspr-7   Saving settings file "/home/gisbi/.config/VirtualBox/VirtualBox.xml" with version "1.12-linux"
00:06:26.748427 nspr-2   Saving settings file "/home/gisbi/.config/VirtualBox/VirtualBox.xml" with version "1.12-linux"
00:06:26.753623 nspr-7   Saving settings file "/home/gisbi/.config/VirtualBox/VirtualBox.xml" with version "1.12-linux"
00:06:26.756910 nspr-3   Saving settings file "/home/gisbi/.config/VirtualBox/VirtualBox.xml" with version "1.12-linux"
00:06:26.758875 nspr-5   Saving settings file "/home/gisbi/.config/VirtualBox/VirtualBox.xml" with version "1.12-linux"
00:06:26.761394 nspr-4   Saving settings file "/home/gisbi/.config/VirtualBox/VirtualBox.xml" with version "1.12-linux"
00:06:37.101090 nspr-3   Saving settings file "/home/gisbi/Storage/vm/TempleOS/TempleOS.vbox" with version "1.15-linux"
00:06:37.417617 nspr-3   Saving settings file "/home/gisbi/Storage/vm/TempleOS/TempleOS.vbox" with version "1.15-linux"
00:06:37.427202 SaveState Saving settings file "/home/gisbi/Storage/vm/TempleOS/TempleOS.vbox" with version "1.15-linux"
00:06:37.938835 nspr-6   Saving settings file "/home/gisbi/Storage/vm/TempleOS/TempleOS.vbox" with version "1.15-linux"
00:06:37.946882 nspr-2   Saving settings file "/home/gisbi/Storage/vm/TempleOS/TempleOS.vbox" with version "1.15-linux"
00:06:43.454499 main     VirtualBox: object deletion starts
00:06:43.454534 main     ERROR [COM]: aRC=VBOX_E_OBJECT_IN_USE (0x80bb000c) aIID={ad47ad09-787b-44ab-b343-a082a3f2dfb1} aComponent={MediumWrap} aText={Medium '/home/gisbi/Storage/vm/TempleOS/TempleOS.vdi' cannot be closed because it is still attached to 1 virtual machines}, preserve=false aResultDetail=0
00:06:43.454870 main     HostDnsMonitor: shutting down ...
00:06:43.470915 main     HostDnsMonitor: shut down
00:06:43.920721 Watcher  ERROR [COM]: aRC=E_ACCESSDENIED (0x80070005) aIID={d0a0163f-e254-4e5b-a1f2-011cf991c38d} aComponent={VirtualBoxWrap} aText={The object is not ready}, preserve=false aResultDetail=0
00:06:48.470997 main     {00007effe00172b0} HostPowerServiceLinux::~HostPowerServiceLinux: RTThreadWait() for 5000 ms failed with VERR_TIMEOUT
00:06:48.471143 main     VirtualBox: object deleted
