[2022-06-16 21:48:30.211] [error] TypeError: Object has been destroyed
    at WindowMain.<anonymous> (/usr/lib/bitwarden/app.asar/main.js:53036:36)
    at Generator.next (<anonymous>)
    at /usr/lib/bitwarden/app.asar/main.js:52850:71
    at new Promise (<anonymous>)
    at window_main_awaiter (/usr/lib/bitwarden/app.asar/main.js:52846:12)
    at WindowMain.updateWindowState (/usr/lib/bitwarden/app.asar/main.js:53031:16)
    at WindowMain.<anonymous> (/usr/lib/bitwarden/app.asar/main.js:52985:28)
    at Generator.next (<anonymous>)
    at /usr/lib/bitwarden/app.asar/main.js:52850:71
    at new Promise (<anonymous>)
[2022-06-24 13:58:31.095] [error] TypeError: Object has been destroyed
    at WindowMain.<anonymous> (/usr/lib/bitwarden/app.asar/main.js:53036:36)
    at Generator.next (<anonymous>)
    at /usr/lib/bitwarden/app.asar/main.js:52850:71
    at new Promise (<anonymous>)
    at window_main_awaiter (/usr/lib/bitwarden/app.asar/main.js:52846:12)
    at WindowMain.updateWindowState (/usr/lib/bitwarden/app.asar/main.js:53031:16)
    at WindowMain.<anonymous> (/usr/lib/bitwarden/app.asar/main.js:52985:28)
    at Generator.next (<anonymous>)
    at /usr/lib/bitwarden/app.asar/main.js:52850:71
    at new Promise (<anonymous>)
[2022-06-25 14:19:00.663] [error] TypeError: Object has been destroyed
    at WindowMain.<anonymous> (/usr/lib/bitwarden/app.asar/main.js:53036:36)
    at Generator.next (<anonymous>)
    at /usr/lib/bitwarden/app.asar/main.js:52850:71
    at new Promise (<anonymous>)
    at window_main_awaiter (/usr/lib/bitwarden/app.asar/main.js:52846:12)
    at WindowMain.updateWindowState (/usr/lib/bitwarden/app.asar/main.js:53031:16)
    at WindowMain.<anonymous> (/usr/lib/bitwarden/app.asar/main.js:52985:28)
    at Generator.next (<anonymous>)
    at /usr/lib/bitwarden/app.asar/main.js:52850:71
    at new Promise (<anonymous>)
[2022-07-02 11:58:34.092] [error] TypeError: Object has been destroyed
    at WindowMain.<anonymous> (/usr/lib/bitwarden/app.asar/main.js:53036:36)
    at Generator.next (<anonymous>)
    at /usr/lib/bitwarden/app.asar/main.js:52850:71
    at new Promise (<anonymous>)
    at window_main_awaiter (/usr/lib/bitwarden/app.asar/main.js:52846:12)
    at WindowMain.updateWindowState (/usr/lib/bitwarden/app.asar/main.js:53031:16)
    at WindowMain.<anonymous> (/usr/lib/bitwarden/app.asar/main.js:52985:28)
    at Generator.next (<anonymous>)
    at /usr/lib/bitwarden/app.asar/main.js:52850:71
    at new Promise (<anonymous>)
[2022-07-05 18:17:32.795] [error] TypeError: Object has been destroyed
    at WindowMain.<anonymous> (/usr/lib/bitwarden/app.asar/main.js:53036:36)
    at Generator.next (<anonymous>)
    at /usr/lib/bitwarden/app.asar/main.js:52850:71
    at new Promise (<anonymous>)
    at window_main_awaiter (/usr/lib/bitwarden/app.asar/main.js:52846:12)
    at WindowMain.updateWindowState (/usr/lib/bitwarden/app.asar/main.js:53031:16)
    at WindowMain.<anonymous> (/usr/lib/bitwarden/app.asar/main.js:52985:28)
    at Generator.next (<anonymous>)
    at /usr/lib/bitwarden/app.asar/main.js:52850:71
    at new Promise (<anonymous>)
[2022-07-24 00:21:36.840] [error] TypeError: Object has been destroyed
    at WindowMain.<anonymous> (/usr/lib/bitwarden/app.asar/main.js:46805:36)
    at Generator.next (<anonymous>)
    at /usr/lib/bitwarden/app.asar/main.js:46619:71
    at new Promise (<anonymous>)
    at window_main_awaiter (/usr/lib/bitwarden/app.asar/main.js:46615:12)
    at WindowMain.updateWindowState (/usr/lib/bitwarden/app.asar/main.js:46800:16)
    at WindowMain.<anonymous> (/usr/lib/bitwarden/app.asar/main.js:46754:28)
    at Generator.next (<anonymous>)
    at /usr/lib/bitwarden/app.asar/main.js:46619:71
    at new Promise (<anonymous>)
[2022-07-27 22:49:06.554] [error] TypeError: Object has been destroyed
    at WindowMain.<anonymous> (/usr/lib/bitwarden/app.asar/main.js:46805:36)
    at Generator.next (<anonymous>)
    at /usr/lib/bitwarden/app.asar/main.js:46619:71
    at new Promise (<anonymous>)
    at window_main_awaiter (/usr/lib/bitwarden/app.asar/main.js:46615:12)
    at WindowMain.updateWindowState (/usr/lib/bitwarden/app.asar/main.js:46800:16)
    at WindowMain.<anonymous> (/usr/lib/bitwarden/app.asar/main.js:46754:28)
    at Generator.next (<anonymous>)
    at /usr/lib/bitwarden/app.asar/main.js:46619:71
    at new Promise (<anonymous>)
[2022-07-30 00:13:48.285] [error] TypeError: Object has been destroyed
    at WindowMain.<anonymous> (/usr/lib/bitwarden/app.asar/main.js:46805:36)
    at Generator.next (<anonymous>)
    at /usr/lib/bitwarden/app.asar/main.js:46619:71
    at new Promise (<anonymous>)
    at window_main_awaiter (/usr/lib/bitwarden/app.asar/main.js:46615:12)
    at WindowMain.updateWindowState (/usr/lib/bitwarden/app.asar/main.js:46800:16)
    at WindowMain.<anonymous> (/usr/lib/bitwarden/app.asar/main.js:46754:28)
    at Generator.next (<anonymous>)
    at /usr/lib/bitwarden/app.asar/main.js:46619:71
    at new Promise (<anonymous>)
[2022-09-01 16:50:10.833] [error] TypeError: Object has been destroyed
    at WindowMain.<anonymous> (/usr/lib/bitwarden/app.asar/main.js:49732:36)
    at Generator.next (<anonymous>)
    at /usr/lib/bitwarden/app.asar/main.js:49546:71
    at new Promise (<anonymous>)
    at window_main_awaiter (/usr/lib/bitwarden/app.asar/main.js:49542:12)
    at WindowMain.updateWindowState (/usr/lib/bitwarden/app.asar/main.js:49727:16)
    at WindowMain.<anonymous> (/usr/lib/bitwarden/app.asar/main.js:49681:28)
    at Generator.next (<anonymous>)
    at /usr/lib/bitwarden/app.asar/main.js:49546:71
    at new Promise (<anonymous>)
[2022-09-14 23:56:48.601] [error] TypeError: Object has been destroyed
    at WindowMain.<anonymous> (/usr/lib/bitwarden/app.asar/main.js:49732:36)
    at Generator.next (<anonymous>)
    at /usr/lib/bitwarden/app.asar/main.js:49546:71
    at new Promise (<anonymous>)
    at window_main_awaiter (/usr/lib/bitwarden/app.asar/main.js:49542:12)
    at WindowMain.updateWindowState (/usr/lib/bitwarden/app.asar/main.js:49727:16)
    at WindowMain.<anonymous> (/usr/lib/bitwarden/app.asar/main.js:49681:28)
    at Generator.next (<anonymous>)
    at /usr/lib/bitwarden/app.asar/main.js:49546:71
    at new Promise (<anonymous>)
[2022-09-15 00:00:35.978] [error] TypeError: Object has been destroyed
    at WindowMain.<anonymous> (/usr/lib/bitwarden/app.asar/main.js:49732:36)
    at Generator.next (<anonymous>)
    at /usr/lib/bitwarden/app.asar/main.js:49546:71
    at new Promise (<anonymous>)
    at window_main_awaiter (/usr/lib/bitwarden/app.asar/main.js:49542:12)
    at WindowMain.updateWindowState (/usr/lib/bitwarden/app.asar/main.js:49727:16)
    at WindowMain.<anonymous> (/usr/lib/bitwarden/app.asar/main.js:49681:28)
    at Generator.next (<anonymous>)
    at /usr/lib/bitwarden/app.asar/main.js:49546:71
    at new Promise (<anonymous>)
[2022-09-15 12:18:45.443] [error] TypeError: Object has been destroyed
    at WindowMain.<anonymous> (/usr/lib/bitwarden/app.asar/main.js:49732:36)
    at Generator.next (<anonymous>)
    at /usr/lib/bitwarden/app.asar/main.js:49546:71
    at new Promise (<anonymous>)
    at window_main_awaiter (/usr/lib/bitwarden/app.asar/main.js:49542:12)
    at WindowMain.updateWindowState (/usr/lib/bitwarden/app.asar/main.js:49727:16)
    at WindowMain.<anonymous> (/usr/lib/bitwarden/app.asar/main.js:49681:28)
    at Generator.next (<anonymous>)
    at /usr/lib/bitwarden/app.asar/main.js:49546:71
    at new Promise (<anonymous>)
[2022-09-15 14:39:05.799] [error] TypeError: Object has been destroyed
    at WindowMain.<anonymous> (/usr/lib/bitwarden/app.asar/main.js:49732:36)
    at Generator.next (<anonymous>)
    at /usr/lib/bitwarden/app.asar/main.js:49546:71
    at new Promise (<anonymous>)
    at window_main_awaiter (/usr/lib/bitwarden/app.asar/main.js:49542:12)
    at WindowMain.updateWindowState (/usr/lib/bitwarden/app.asar/main.js:49727:16)
    at WindowMain.<anonymous> (/usr/lib/bitwarden/app.asar/main.js:49681:28)
    at Generator.next (<anonymous>)
    at /usr/lib/bitwarden/app.asar/main.js:49546:71
    at new Promise (<anonymous>)
[2022-09-15 14:44:32.499] [error] TypeError: Object has been destroyed
    at WindowMain.<anonymous> (/usr/lib/bitwarden/app.asar/main.js:49732:36)
    at Generator.next (<anonymous>)
    at /usr/lib/bitwarden/app.asar/main.js:49546:71
    at new Promise (<anonymous>)
    at window_main_awaiter (/usr/lib/bitwarden/app.asar/main.js:49542:12)
    at WindowMain.updateWindowState (/usr/lib/bitwarden/app.asar/main.js:49727:16)
    at WindowMain.<anonymous> (/usr/lib/bitwarden/app.asar/main.js:49681:28)
    at Generator.next (<anonymous>)
    at /usr/lib/bitwarden/app.asar/main.js:49546:71
    at new Promise (<anonymous>)
[2022-09-20 23:29:11.510] [error] TypeError: Object has been destroyed
    at WindowMain.<anonymous> (/usr/lib/bitwarden/app.asar/main.js:49732:36)
    at Generator.next (<anonymous>)
    at /usr/lib/bitwarden/app.asar/main.js:49546:71
    at new Promise (<anonymous>)
    at window_main_awaiter (/usr/lib/bitwarden/app.asar/main.js:49542:12)
    at WindowMain.updateWindowState (/usr/lib/bitwarden/app.asar/main.js:49727:16)
    at WindowMain.<anonymous> (/usr/lib/bitwarden/app.asar/main.js:49681:28)
    at Generator.next (<anonymous>)
    at /usr/lib/bitwarden/app.asar/main.js:49546:71
    at new Promise (<anonymous>)
[2022-09-29 19:21:33.037] [error] TypeError: Object has been destroyed
    at WindowMain.<anonymous> (/usr/lib/bitwarden/app.asar/main.js:49157:36)
    at Generator.next (<anonymous>)
    at /usr/lib/bitwarden/app.asar/main.js:48971:71
    at new Promise (<anonymous>)
    at window_main_awaiter (/usr/lib/bitwarden/app.asar/main.js:48967:12)
    at WindowMain.updateWindowState (/usr/lib/bitwarden/app.asar/main.js:49152:16)
    at WindowMain.<anonymous> (/usr/lib/bitwarden/app.asar/main.js:49106:28)
    at Generator.next (<anonymous>)
    at /usr/lib/bitwarden/app.asar/main.js:48971:71
    at new Promise (<anonymous>)
[2022-10-03 21:45:07.489] [error] TypeError: Object has been destroyed
    at WindowMain.<anonymous> (/usr/lib/bitwarden/app.asar/main.js:49157:36)
    at Generator.next (<anonymous>)
    at /usr/lib/bitwarden/app.asar/main.js:48971:71
    at new Promise (<anonymous>)
    at window_main_awaiter (/usr/lib/bitwarden/app.asar/main.js:48967:12)
    at WindowMain.updateWindowState (/usr/lib/bitwarden/app.asar/main.js:49152:16)
    at WindowMain.<anonymous> (/usr/lib/bitwarden/app.asar/main.js:49106:28)
    at Generator.next (<anonymous>)
    at /usr/lib/bitwarden/app.asar/main.js:48971:71
    at new Promise (<anonymous>)
[2022-10-04 01:05:27.878] [error] TypeError: Object has been destroyed
    at WindowMain.<anonymous> (/usr/lib/bitwarden/app.asar/main.js:49157:36)
    at Generator.next (<anonymous>)
    at /usr/lib/bitwarden/app.asar/main.js:48971:71
    at new Promise (<anonymous>)
    at window_main_awaiter (/usr/lib/bitwarden/app.asar/main.js:48967:12)
    at WindowMain.updateWindowState (/usr/lib/bitwarden/app.asar/main.js:49152:16)
    at WindowMain.<anonymous> (/usr/lib/bitwarden/app.asar/main.js:49106:28)
    at Generator.next (<anonymous>)
    at /usr/lib/bitwarden/app.asar/main.js:48971:71
    at new Promise (<anonymous>)
[2022-10-11 21:20:10.391] [error] TypeError: Object has been destroyed
    at WindowMain.<anonymous> (/usr/lib/bitwarden/app.asar/main.js:49157:36)
    at Generator.next (<anonymous>)
    at /usr/lib/bitwarden/app.asar/main.js:48971:71
    at new Promise (<anonymous>)
    at window_main_awaiter (/usr/lib/bitwarden/app.asar/main.js:48967:12)
    at WindowMain.updateWindowState (/usr/lib/bitwarden/app.asar/main.js:49152:16)
    at WindowMain.<anonymous> (/usr/lib/bitwarden/app.asar/main.js:49106:28)
    at Generator.next (<anonymous>)
    at /usr/lib/bitwarden/app.asar/main.js:48971:71
    at new Promise (<anonymous>)
[2022-10-11 21:30:39.381] [error] TypeError: Object has been destroyed
    at WindowMain.<anonymous> (/usr/lib/bitwarden/app.asar/main.js:49157:36)
    at Generator.next (<anonymous>)
    at /usr/lib/bitwarden/app.asar/main.js:48971:71
    at new Promise (<anonymous>)
    at window_main_awaiter (/usr/lib/bitwarden/app.asar/main.js:48967:12)
    at WindowMain.updateWindowState (/usr/lib/bitwarden/app.asar/main.js:49152:16)
    at WindowMain.<anonymous> (/usr/lib/bitwarden/app.asar/main.js:49106:28)
    at Generator.next (<anonymous>)
    at /usr/lib/bitwarden/app.asar/main.js:48971:71
    at new Promise (<anonymous>)
[2022-10-11 21:40:57.528] [error] TypeError: Object has been destroyed
    at WindowMain.<anonymous> (/usr/lib/bitwarden/app.asar/main.js:49157:36)
    at Generator.next (<anonymous>)
    at /usr/lib/bitwarden/app.asar/main.js:48971:71
    at new Promise (<anonymous>)
    at window_main_awaiter (/usr/lib/bitwarden/app.asar/main.js:48967:12)
    at WindowMain.updateWindowState (/usr/lib/bitwarden/app.asar/main.js:49152:16)
    at WindowMain.<anonymous> (/usr/lib/bitwarden/app.asar/main.js:49106:28)
    at Generator.next (<anonymous>)
    at /usr/lib/bitwarden/app.asar/main.js:48971:71
    at new Promise (<anonymous>)
[2022-11-05 00:42:31.432] [error] TypeError: Object has been destroyed
    at WindowMain.<anonymous> (/usr/lib/bitwarden/app.asar/main.js:49340:36)
    at Generator.next (<anonymous>)
    at /usr/lib/bitwarden/app.asar/main.js:49154:71
    at new Promise (<anonymous>)
    at window_main_awaiter (/usr/lib/bitwarden/app.asar/main.js:49150:12)
    at WindowMain.updateWindowState (/usr/lib/bitwarden/app.asar/main.js:49335:16)
    at WindowMain.<anonymous> (/usr/lib/bitwarden/app.asar/main.js:49289:28)
    at Generator.next (<anonymous>)
    at /usr/lib/bitwarden/app.asar/main.js:49154:71
    at new Promise (<anonymous>)
[2022-11-23 17:35:08.694] [error] TypeError: Object has been destroyed
    at WindowMain.<anonymous> (/usr/lib/bitwarden/app.asar/main.js:49340:36)
    at Generator.next (<anonymous>)
    at /usr/lib/bitwarden/app.asar/main.js:49154:71
    at new Promise (<anonymous>)
    at window_main_awaiter (/usr/lib/bitwarden/app.asar/main.js:49150:12)
    at WindowMain.updateWindowState (/usr/lib/bitwarden/app.asar/main.js:49335:16)
    at WindowMain.<anonymous> (/usr/lib/bitwarden/app.asar/main.js:49289:28)
    at Generator.next (<anonymous>)
    at /usr/lib/bitwarden/app.asar/main.js:49154:71
    at new Promise (<anonymous>)
[2022-11-23 17:35:19.761] [error] TypeError: Object has been destroyed
    at WindowMain.<anonymous> (/usr/lib/bitwarden/app.asar/main.js:49340:36)
    at Generator.next (<anonymous>)
    at /usr/lib/bitwarden/app.asar/main.js:49154:71
    at new Promise (<anonymous>)
    at window_main_awaiter (/usr/lib/bitwarden/app.asar/main.js:49150:12)
    at WindowMain.updateWindowState (/usr/lib/bitwarden/app.asar/main.js:49335:16)
    at WindowMain.<anonymous> (/usr/lib/bitwarden/app.asar/main.js:49289:28)
    at Generator.next (<anonymous>)
    at /usr/lib/bitwarden/app.asar/main.js:49154:71
    at new Promise (<anonymous>)
[2022-12-19 23:03:04.159] [error] TypeError: Object has been destroyed
    at WindowMain.<anonymous> (/usr/lib/bitwarden/app.asar/main.js:50081:36)
    at Generator.next (<anonymous>)
    at /usr/lib/bitwarden/app.asar/main.js:49895:71
    at new Promise (<anonymous>)
    at window_main_awaiter (/usr/lib/bitwarden/app.asar/main.js:49891:12)
    at WindowMain.updateWindowState (/usr/lib/bitwarden/app.asar/main.js:50076:16)
    at WindowMain.<anonymous> (/usr/lib/bitwarden/app.asar/main.js:50030:28)
    at Generator.next (<anonymous>)
    at /usr/lib/bitwarden/app.asar/main.js:49895:71
    at new Promise (<anonymous>)
[2022-12-19 23:03:09.312] [error] TypeError: Object has been destroyed
    at WindowMain.<anonymous> (/usr/lib/bitwarden/app.asar/main.js:50081:36)
    at Generator.next (<anonymous>)
    at /usr/lib/bitwarden/app.asar/main.js:49895:71
    at new Promise (<anonymous>)
    at window_main_awaiter (/usr/lib/bitwarden/app.asar/main.js:49891:12)
    at WindowMain.updateWindowState (/usr/lib/bitwarden/app.asar/main.js:50076:16)
    at WindowMain.<anonymous> (/usr/lib/bitwarden/app.asar/main.js:50030:28)
    at Generator.next (<anonymous>)
    at /usr/lib/bitwarden/app.asar/main.js:49895:71
    at new Promise (<anonymous>)
