2022-04-27 19:33:25 Loading main app package /usr/lib/obsidian/obsidian.asar
2022-04-27 19:33:25 Checking for update using Github
2022-04-27 19:33:26 Success.
2022-04-27 19:33:26 Latest version is 0.14.6
2022-04-27 19:33:26 Downloading update from https://github.com/obsidianmd/obsidian-releases/releases/download/v0.14.6/obsidian-0.14.6.asar.gz
2022-04-27 19:33:50 Verifying hash & signature. Size= 5291318
2022-04-27 19:33:50 Saving file
2022-04-27 19:33:50 Update complete.
2022-04-27 20:33:25 Checking for update using Github
2022-04-27 20:33:26 Success.
2022-04-27 20:33:26 Latest version is 0.14.6
2022-04-27 20:33:26 An update is already downloaded.
2022-04-27 22:27:37 Loading updated app package /home/gisbi/.config/obsidian/obsidian-0.14.6.asar
2022-04-27 22:27:37 Checking for update using Github
2022-04-27 22:27:38 Success.
2022-04-27 22:27:38 Latest version is 0.14.6
2022-04-27 22:27:38 App is up to date.
2022-04-28 10:35:37 Loading updated app package /home/gisbi/.config/obsidian/obsidian-0.14.6.asar
2022-04-28 10:35:37 Checking for update using Github
2022-04-28 10:35:37 Success.
2022-04-28 10:35:37 Latest version is 0.14.6
2022-04-28 10:35:37 App is up to date.
2022-04-28 18:56:05 Loading updated app package /home/gisbi/.config/obsidian/obsidian-0.14.6.asar
2022-04-28 18:56:05 Checking for update using Github
2022-04-28 18:56:05 Success.
2022-04-28 18:56:05 Latest version is 0.14.6
2022-04-28 18:56:05 App is up to date.
2022-04-28 19:56:05 Checking for update using Github
2022-04-28 19:56:05 Success.
2022-04-28 19:56:05 Latest version is 0.14.6
2022-04-28 19:56:05 App is up to date.
2022-04-28 20:56:05 Checking for update using Github
2022-04-28 20:56:05 Success.
2022-04-28 20:56:05 Latest version is 0.14.6
2022-04-28 20:56:05 App is up to date.
2022-04-28 21:56:05 Checking for update using Github
2022-04-28 21:56:05 Success.
2022-04-28 21:56:05 Latest version is 0.14.6
2022-04-28 21:56:05 App is up to date.
2022-05-03 12:12:29 Loading main app package /usr/lib/obsidian/obsidian.asar
2022-05-03 12:12:29 Checking for update using Github
2022-05-03 12:12:30 Success.
2022-05-03 12:12:30 Latest version is 0.14.6
2022-05-03 12:12:30 App is up to date.
2022-05-03 19:42:37 Loading main app package /usr/lib/obsidian/obsidian.asar
2022-05-03 19:42:37 Checking for update using Github
2022-05-03 19:42:38 Success.
2022-05-03 19:42:38 Latest version is 0.14.6
2022-05-03 19:42:38 App is up to date.
2022-05-03 20:18:59 Loading main app package /usr/lib/obsidian/obsidian.asar
2022-05-03 20:18:59 Checking for update using Github
2022-05-03 20:18:59 Success.
2022-05-03 20:18:59 Latest version is 0.14.6
2022-05-03 20:18:59 App is up to date.
2022-05-03 20:44:26 Loading main app package /usr/lib/obsidian/obsidian.asar
2022-05-03 20:44:26 Checking for update using Github
2022-05-03 20:44:27 Success.
2022-05-03 20:44:27 Latest version is 0.14.6
2022-05-03 20:44:27 App is up to date.
2022-05-04 00:14:13 Loading main app package /usr/lib/obsidian/obsidian.asar
2022-05-04 00:14:13 Checking for update using Github
2022-05-04 00:14:14 Success.
2022-05-04 00:14:14 Latest version is 0.14.6
2022-05-04 00:14:14 App is up to date.
2022-05-10 14:33:32 Loading main app package /usr/lib/obsidian/obsidian.asar
2022-05-10 14:33:32 Checking for update using Github
2022-05-10 14:33:32 Success.
2022-05-10 14:33:32 Latest version is 0.14.6
2022-05-10 14:33:32 App is up to date.
2022-05-11 20:15:44 Loading main app package /usr/lib/obsidian/obsidian.asar
2022-05-11 20:15:44 Checking for update using Github
2022-05-11 20:15:44 Success.
2022-05-11 20:15:44 Latest version is 0.14.6
2022-05-11 20:15:44 App is up to date.
2022-05-11 20:23:39 Loading main app package /usr/lib/obsidian/obsidian.asar
2022-05-11 20:23:39 Checking for update using Github
2022-05-11 20:23:40 Success.
2022-05-11 20:23:40 Latest version is 0.14.6
2022-05-11 20:23:40 App is up to date.
2022-05-11 20:57:36 Loading main app package /usr/lib/obsidian/obsidian.asar
2022-05-11 20:57:36 Checking for update using Github
2022-05-11 20:57:36 Success.
2022-05-11 20:57:36 Latest version is 0.14.6
2022-05-11 20:57:36 App is up to date.
2022-05-11 21:57:36 Checking for update using Github
2022-05-11 21:57:36 Success.
2022-05-11 21:57:36 Latest version is 0.14.6
2022-05-11 21:57:36 App is up to date.
2022-05-14 16:06:57 Loading main app package /usr/lib/obsidian/obsidian.asar
2022-05-14 16:06:57 Checking for update using Github
2022-05-14 16:06:57 Success.
2022-05-14 16:06:57 Latest version is 0.14.6
2022-05-14 16:06:57 App is up to date.
2022-05-17 17:45:22 Loading main app package /usr/lib/obsidian/obsidian.asar
2022-05-17 17:45:22 Checking for update using Github
2022-05-17 17:45:23 Success.
2022-05-17 17:45:23 Latest version is 0.14.6
2022-05-17 17:45:23 App is up to date.
2022-05-17 18:45:22 Checking for update using Github
2022-05-17 18:45:23 Success.
2022-05-17 18:45:23 Latest version is 0.14.6
2022-05-17 18:45:23 App is up to date.
2022-05-17 19:45:23 Checking for update using Github
2022-05-17 19:45:23 Success.
2022-05-17 19:45:23 Latest version is 0.14.6
2022-05-17 19:45:23 App is up to date.
2022-05-17 20:45:23 Checking for update using Github
2022-05-17 20:45:23 Success.
2022-05-17 20:45:23 Latest version is 0.14.6
2022-05-17 20:45:23 App is up to date.
2022-05-31 15:27:29 Loading main app package /usr/lib/obsidian/obsidian.asar
2022-05-31 15:27:29 Checking for update using Github
2022-05-31 15:27:29 Success.
2022-05-31 15:27:29 Latest version is 0.14.6
2022-05-31 15:27:29 App is up to date.
2022-06-01 21:21:52 Loading main app package /usr/lib/obsidian/obsidian.asar
2022-06-01 21:21:52 Checking for update using Github
2022-06-01 21:21:52 Success.
2022-06-01 21:21:52 Latest version is 0.14.6
2022-06-01 21:21:52 App is up to date.
2022-06-01 22:21:52 Checking for update using Github
2022-06-01 22:21:52 Success.
2022-06-01 22:21:52 Latest version is 0.14.6
2022-06-01 22:21:52 App is up to date.
2022-06-04 19:30:11 Loading main app package /usr/lib/obsidian/obsidian.asar
2022-06-04 19:30:11 Checking for update using Github
2022-06-04 19:30:12 Success.
2022-06-04 19:30:12 Latest version is 0.14.6
2022-06-04 19:30:12 App is up to date.
2022-06-04 20:29:08 Loading main app package /usr/lib/obsidian/obsidian.asar
2022-06-04 20:29:08 Checking for update using Github
2022-06-04 20:29:08 Success.
2022-06-04 20:29:08 Latest version is 0.14.6
2022-06-04 20:29:08 App is up to date.
2022-06-09 19:20:24 Loading main app package /usr/lib/obsidian/obsidian.asar
2022-06-09 19:20:24 Checking for update using Github
2022-06-09 19:20:24 Success.
2022-06-09 19:20:24 Latest version is 0.14.15
2022-06-09 19:20:24 Downloading update from https://github.com/obsidianmd/obsidian-releases/releases/download/v0.14.15/obsidian-0.14.15.asar.gz
2022-06-09 19:20:27 Verifying hash & signature. Size= 5370314
2022-06-09 19:20:27 Saving file
2022-06-09 19:20:27 Update complete.
2022-06-09 19:56:31 Loading updated app package /home/gisbi/.config/obsidian/obsidian-0.14.15.asar
2022-06-09 19:56:32 Checking for update using Github
2022-06-09 20:20:24 Checking for update using Github
2022-06-09 20:20:26 Success.
2022-06-09 20:20:26 Latest version is 0.14.15
2022-06-09 20:20:26 An update is already downloaded.
2022-06-09 23:48:27 Loading main app package /usr/lib/obsidian/obsidian.asar
2022-06-09 23:48:27 Checking for update using Github
2022-06-09 23:48:27 Success.
2022-06-09 23:48:27 Latest version is 0.14.15
2022-06-09 23:48:27 App is up to date.
2022-06-13 20:48:19 Loading main app package /usr/lib/obsidian/obsidian.asar
2022-06-13 20:48:19 Checking for update using Github
2022-06-13 20:48:20 Success.
2022-06-13 20:48:20 Latest version is 0.14.15
2022-06-13 20:48:20 App is up to date.
2022-06-13 20:52:33 Loading main app package /usr/lib/obsidian/obsidian.asar
2022-06-13 20:52:33 Checking for update using Github
2022-06-13 20:52:33 Success.
2022-06-13 20:52:33 Latest version is 0.14.15
2022-06-13 20:52:33 App is up to date.
2022-06-13 21:09:23 Loading main app package /usr/lib/obsidian/obsidian.asar
2022-06-13 21:09:23 Checking for update using Github
2022-06-13 21:09:24 Success.
2022-06-13 21:09:24 Latest version is 0.14.15
2022-06-13 21:09:24 App is up to date.
2022-06-13 23:00:15 Loading main app package /usr/lib/obsidian/obsidian.asar
2022-06-13 23:00:15 Checking for update using Github
2022-06-13 23:00:16 Success.
2022-06-13 23:00:16 Latest version is 0.14.15
2022-06-13 23:00:16 App is up to date.
2022-06-13 23:07:16 Loading main app package /usr/lib/obsidian/obsidian.asar
2022-06-13 23:07:16 Checking for update using Github
2022-06-13 23:07:17 Success.
2022-06-13 23:07:17 Latest version is 0.14.15
2022-06-13 23:07:17 App is up to date.
2022-06-14 19:52:57 Loading main app package /usr/lib/obsidian/obsidian.asar
2022-06-14 19:52:57 Checking for update using Github
2022-06-14 19:52:57 Success.
2022-06-14 19:52:57 Latest version is 0.14.15
2022-06-14 19:52:57 App is up to date.
2022-06-14 20:17:44 Loading main app package /usr/lib/obsidian/obsidian.asar
2022-06-14 20:17:44 Checking for update using Github
2022-06-14 20:17:44 Success.
2022-06-14 20:17:44 Latest version is 0.14.15
2022-06-14 20:17:44 App is up to date.
2022-06-20 19:35:57 Loading main app package /usr/lib/obsidian/obsidian.asar
2022-06-20 19:35:57 Checking for update using Github
2022-06-20 19:35:57 Success.
2022-06-20 19:35:57 Latest version is 0.14.15
2022-06-20 19:35:57 App is up to date.
2022-06-20 19:41:22 Loading main app package /usr/lib/obsidian/obsidian.asar
2022-06-20 19:41:23 Checking for update using Github
2022-06-20 19:41:23 Success.
2022-06-20 19:41:23 Latest version is 0.14.15
2022-06-20 19:41:23 App is up to date.
2022-06-25 10:27:00 Loading main app package /usr/lib/obsidian/obsidian.asar
2022-06-25 10:27:00 Checking for update using Github
2022-06-25 10:27:00 Success.
2022-06-25 10:27:00 Latest version is 0.14.15
2022-06-25 10:27:00 App is up to date.
2022-07-08 15:16:43 Loading main app package /usr/lib/obsidian/obsidian.asar
2022-07-08 15:16:43 Checking for update using Github
2022-07-08 15:16:43 Success.
2022-07-08 15:16:43 Latest version is 0.14.15
2022-07-08 15:16:43 App is up to date.
2022-07-23 22:46:59 Loading main app package /usr/lib/obsidian/obsidian.asar
2022-07-23 22:46:59 Checking for update using Github
2022-07-23 22:46:59 Success.
2022-07-23 22:46:59 Latest version is 0.15.8
2022-07-23 22:46:59 App is up to date.
2022-07-23 22:52:54 Loading main app package /usr/lib/obsidian/obsidian.asar
2022-07-23 22:52:54 Checking for update using Github
2022-07-23 22:52:54 Success.
2022-07-23 22:52:54 Latest version is 0.15.8
2022-07-23 22:52:54 App is up to date.
2022-07-23 23:52:54 Checking for update using Github
2022-07-23 23:52:54 Success.
2022-07-23 23:52:54 Latest version is 0.15.8
2022-07-23 23:52:54 App is up to date.
2022-07-24 00:52:54 Checking for update using Github
2022-07-24 00:52:55 Success.
2022-07-24 00:52:55 Latest version is 0.15.8
2022-07-24 00:52:55 App is up to date.
2022-07-24 01:52:54 Checking for update using Github
2022-07-24 01:52:55 Success.
2022-07-24 01:52:55 Latest version is 0.15.8
2022-07-24 01:52:55 App is up to date.
2022-07-24 02:52:54 Checking for update using Github
2022-07-24 02:52:55 Success.
2022-07-24 02:52:55 Latest version is 0.15.8
2022-07-24 02:52:55 App is up to date.
2022-07-24 03:52:54 Checking for update using Github
2022-07-24 03:52:55 Success.
2022-07-24 03:52:55 Latest version is 0.15.8
2022-07-24 03:52:55 App is up to date.
2022-07-24 04:52:54 Checking for update using Github
2022-07-24 04:52:55 Success.
2022-07-24 04:52:55 Latest version is 0.15.8
2022-07-24 04:52:55 App is up to date.
2022-07-24 05:52:55 Checking for update using Github
2022-07-24 05:52:55 Success.
2022-07-24 05:52:55 Latest version is 0.15.8
2022-07-24 05:52:55 App is up to date.
2022-07-24 06:52:55 Checking for update using Github
2022-07-24 06:52:55 Success.
2022-07-24 06:52:55 Latest version is 0.15.8
2022-07-24 06:52:55 App is up to date.
2022-07-24 07:52:55 Checking for update using Github
2022-07-24 07:52:55 Success.
2022-07-24 07:52:55 Latest version is 0.15.8
2022-07-24 07:52:55 App is up to date.
2022-07-24 08:52:55 Checking for update using Github
2022-07-24 08:52:55 Success.
2022-07-24 08:52:55 Latest version is 0.15.8
2022-07-24 08:52:55 App is up to date.
2022-07-24 09:52:55 Checking for update using Github
2022-07-24 09:52:55 Success.
2022-07-24 09:52:55 Latest version is 0.15.8
2022-07-24 09:52:55 App is up to date.
2022-09-05 17:28:25 Loading main app package /usr/lib/obsidian/obsidian.asar
2022-09-05 17:28:25 Checking for update using Github
2022-10-01 11:51:31 Loading main app package /usr/lib/obsidian/obsidian.asar
2022-10-01 11:51:32 Checking for update using Github
2022-10-01 11:51:32 Success.
2022-10-01 11:51:32 Latest version is 0.15.9
2022-10-01 11:51:32 App is up to date.
2022-10-01 12:51:31 Checking for update using Github
2022-10-01 12:51:32 Success.
2022-10-01 12:51:32 Latest version is 0.15.9
2022-10-01 12:51:32 App is up to date.
2022-10-01 13:51:31 Checking for update using Github
2022-10-01 13:51:32 Success.
2022-10-01 13:51:32 Latest version is 0.15.9
2022-10-01 13:51:32 App is up to date.
2022-10-01 14:51:32 Checking for update using Github
2022-10-01 14:51:32 Success.
2022-10-01 14:51:32 Latest version is 0.15.9
2022-10-01 14:51:32 App is up to date.
2022-11-12 18:26:30 Loading main app package /usr/lib/obsidian/obsidian.asar
2022-11-12 18:26:30 Checking for update using Github
2022-11-12 18:26:30 Success.
2022-11-12 18:26:30 Latest version is 1.0.3
2022-11-12 18:26:30 App is up to date.
2023-02-03 15:32:02 Loading main app package /usr/lib/obsidian/obsidian.asar
2023-02-03 15:32:02 Checking for update using Github
2023-02-03 15:32:02 Success.
2023-02-03 15:32:02 Latest version is 1.1.9
2023-02-03 15:32:02 App is up to date.
2023-02-03 15:32:46 Loading main app package /usr/lib/obsidian/obsidian.asar
2023-02-03 15:32:46 Checking for update using Github
2023-02-03 15:32:46 Success.
2023-02-03 15:32:46 Latest version is 1.1.9
2023-02-03 15:32:46 App is up to date.
2023-02-03 16:02:42 Loading main app package /usr/lib/obsidian/obsidian.asar
2023-02-03 16:02:42 Checking for update using Github
2023-02-03 16:02:42 Success.
2023-02-03 16:02:42 Latest version is 1.1.9
2023-02-03 16:02:42 App is up to date.
2023-02-03 17:02:42 Checking for update using Github
2023-02-03 17:02:42 Success.
2023-02-03 17:02:42 Latest version is 1.1.9
2023-02-03 17:02:42 App is up to date.
2023-02-03 18:02:42 Checking for update using Github
2023-02-03 18:02:42 Success.
2023-02-03 18:02:42 Latest version is 1.1.9
2023-02-03 18:02:42 App is up to date.
2023-02-03 19:02:42 Checking for update using Github
2023-02-03 19:02:43 Success.
2023-02-03 19:02:43 Latest version is 1.1.9
2023-02-03 19:02:43 App is up to date.
